
{
	gl.supports_vertex_array_object: true
	cocos2d.x.version: Quick-Cocos2dx-Community 3.6
	gl.vendor: Intel Inc.
	gl.supports_PVRTC: false
	gl.renderer: Intel(R) Iris(TM) Graphics 6100
	cocos2d.x.compiled_with_profiler: false
	gl.max_texture_size: 16384
	gl.supports_ETC1: false
	gl.supports_BGRA8888: false
	cocos2d.x.build_type: RELEASE
	gl.supports_discard_framebuffer: false
	gl.supports_NPOT: true
	gl.supports_S3TC: true
	gl.version: 2.1 INTEL-10.14.58
	gl.supports_ATITC: false
	gl.max_texture_units: 16
	cocos2d.x.compiled_with_gl_state_cache: true
}


Quick-Cocos2dx-Community C++ support ready.
------------------------------------------------
LOAD LUA FILE: /Users/cheng/Documents/CocosProjects/demo/src/main.lua
------------------------------------------------
[LUA-print] ===========================================================
[LUA-print]               LOAD QUICK FRAMEWORK
[LUA-print] ===========================================================
[LUA-print] [INFO] 
[LUA-print] [INFO] # DEBUG                        = 0
[LUA-print] [INFO] #
[LUA-print] [INFO] # device.platform              = mac
[LUA-print] [INFO] # device.model                 = unknown
[LUA-print] [INFO] # device.language              = cn
[LUA-print] [INFO] # device.writablePath          = /Users/cheng/Documents/CocosProjects/demo/
[LUA-print] [INFO] # device.directorySeparator    = /
[LUA-print] [INFO] # device.pathSeparator         = :
[LUA-print] [INFO] #
libpng warning: iCCP: known incorrect sRGB profile
[LUA-print] [INFO] # CONFIG_SCREEN_AUTOSCALE      = FIXED_WIDTH
[LUA-print] [INFO] # CONFIG_SCREEN_WIDTH          = 640.00
[LUA-print] [INFO] # CONFIG_SCREEN_HEIGHT         = 1136.00
[LUA-print] [INFO] # display.widthInPixels        = 640.00
[LUA-print] [INFO] # display.heightInPixels       = 1136.00
[LUA-print] [INFO] # display.contentScaleFactor   = 1.00
[LUA-print] [INFO] # display.width                = 640.00
[LUA-print] [INFO] # display.height               = 1136.00
[LUA-print] [INFO] # display.cx                   = 320.00
[LUA-print] [INFO] # display.cy                   = 568.00
[LUA-print] [INFO] # display.left                 = 0.00
[LUA-print] [INFO] # display.right                = 640.00
[LUA-print] [INFO] # display.top                  = 1136.00
[LUA-print] [INFO] # display.bottom               = 0.00
[LUA-print] [INFO] # display.c_left               = -320.00
[LUA-print] [INFO] # display.c_right              = 320.00
[LUA-print] [INFO] # display.c_top                = 568.00
[LUA-print] [INFO] # display.c_bottom             = -568.00
[LUA-print] [INFO] #
[LUA-print] 进入LevelScene------------
[LUA-print] dump from: [string "/Users/cheng/Documents/CocosProjects/demo/src..."]:12: in function 'runWithScene'
[LUA-print] - "nowScene" = "MainScene"
[LUA-print] dump from: [string "/Users/cheng/Documents/CocosProjects/demo/src..."]:43: in function 'getTimeLevel'
[LUA-print] - "<var>" = "/Users/cheng/Library/Caches/UserDefault.xml"
[LUA-print] dump from: [string "/Users/cheng/Documents/CocosProjects/demo/src..."]:43: in function 'getTime'
[LUA-print] - "<var>" = "/Users/cheng/Library/Caches/UserDefault.xml"
[LUA-print] dump from: [string "/Users/cheng/Documents/CocosProjects/demo/src..."]:43: in function 'getTime'
[LUA-print] - "<var>" = "/Users/cheng/Library/Caches/UserDefault.xml"
[LUA-print] dump from: [string "/Users/cheng/Documents/CocosProjects/demo/src..."]:43: in function 'getTime'
[LUA-print] - "<var>" = "/Users/cheng/Library/Caches/UserDefault.xml"
[LUA-print] TimeGameScene
[LUA-print] dump from: [string "/Users/cheng/Documents/CocosProjects/demo/src..."]:12: in function 'runWithScene'
[LUA-print] - "nowScene" = "TimeLevelScene"
[LUA-print] dump from: [string "/Users/cheng/Documents/CocosProjects/demo/src..."]:49: in function 'init'
[LUA-print] - "<var>" = 1
[LUA-print] dump from: [string "/Users/cheng/Documents/CocosProjects/demo/src..."]:43: in function 'getValeForKey'
[LUA-print] - "<var>" = "/Users/cheng/Library/Caches/UserDefault.xml"
[LUA-print] col:-2
[LUA-print] 2
[LUA-print] dump from: [string "/Users/cheng/Documents/CocosProjects/demo/src..."]:427: in function 'nextMove'
[LUA-print] - "nextMove" = 1
[LUA-print] dump from: [string "/Users/cheng/Documents/CocosProjects/demo/src..."]:103: in function 'createTimer'
[LUA-print] - "<var>" = "createTimer"
[LUA-print] dump from: [string "/Users/cheng/Documents/CocosProjects/demo/src..."]:43: in function 'getTime'
[LUA-print] - "<var>" = "/Users/cheng/Library/Caches/UserDefault.xml"
[LUA-print] dump from: [string "/Users/cheng/Documents/CocosProjects/demo/src..."]:43: in function 'getTime'
[LUA-print] - "<var>" = "/Users/cheng/Library/Caches/UserDefault.xml"
[LUA-print] dump from: [string "/Users/cheng/Documents/CocosProjects/demo/src..."]:7: in function 'ctor'
[LUA-print] - "<var>" = {
[LUA-print] -     "level" = 1
[LUA-print] - }
CCSize will be not binded in lua,please use the lua's table instead
error:
     cc.Node:setAnchorPoint argument #2 is 'nil'; 'table' expected.

error:
     cc.Node:setAnchorPoint argument #2 is 'nil'; 'table' expected.

[LUA-print] dump from: [string "/Users/cheng/Documents/CocosProjects/demo/src..."]:43: in function 'getTimeLevel'
[LUA-print] - "<var>" = "/Users/cheng/Library/Caches/UserDefault.xml"
[LUA-print] dump from: [string "/Users/cheng/Documents/CocosProjects/demo/src..."]:49: in function 'init'
[LUA-print] - "<var>" = 2
[LUA-print] dump from: [string "/Users/cheng/Documents/CocosProjects/demo/src..."]:43: in function 'getValeForKey'
[LUA-print] - "<var>" = "/Users/cheng/Library/Caches/UserDefault.xml"
[LUA-print] col:-3
[LUA-print] 3
[LUA-print] dump from: [string "/Users/cheng/Documents/CocosProjects/demo/src..."]:427: in function 'nextMove'
[LUA-print] - "nextMove" = 1
[LUA-print] dump from: [string "/Users/cheng/Documents/CocosProjects/demo/src..."]:103: in function 'createTimer'
[LUA-print] - "<var>" = "createTimer"
[LUA-print] col:3
[LUA-print] dump from: [string "/Users/cheng/Documents/CocosProjects/demo/src..."]:427: in function 'nextMove'
[LUA-print] - "nextMove" = 2
[LUA-print] col:-3
[LUA-print] 3
[LUA-print] dump from: [string "/Users/cheng/Documents/CocosProjects/demo/src..."]:427: in function 'nextMove'
[LUA-print] - "nextMove" = 3
[LUA-print] row:3
[LUA-print] dump from: [string "/Users/cheng/Documents/CocosProjects/demo/src..."]:427: in function 'nextMove'
[LUA-print] - "nextMove" = 4
[LUA-print] row:-3
[LUA-print] 3
[LUA-print] dump from: [string "/Users/cheng/Documents/CocosProjects/demo/src..."]:427: in function 'nextMove'
[LUA-print] - "nextMove" = 5
[LUA-print] col:3
[LUA-print] dump from: [string "/Users/cheng/Documents/CocosProjects/demo/src..."]:427: in function 'nextMove'
[LUA-print] - "nextMove" = 6
[LUA-print] row:4
[LUA-print] dump from: [string "/Users/cheng/Documents/CocosProjects/demo/src..."]:427: in function 'nextMove'
[LUA-print] - "nextMove" = 7
[LUA-print] row:-4
[LUA-print] 4
[LUA-print] dump from: [string "/Users/cheng/Documents/CocosProjects/demo/src..."]:427: in function 'nextMove'
[LUA-print] - "nextMove" = 8
[LUA-print] row:-4
[LUA-print] 4
[LUA-print] dump from: [string "/Users/cheng/Documents/CocosProjects/demo/src..."]:427: in function 'nextMove'
[LUA-print] - "nextMove" = 9
[LUA-print] col:-3
[LUA-print] 3
[LUA-print] dump from: [string "/Users/cheng/Documents/CocosProjects/demo/src..."]:427: in function 'nextMove'
[LUA-print] - "nextMove" = 10
[LUA-print] dump from: [string "/Users/cheng/Documents/CocosProjects/demo/src..."]:43: in function 'getTime'
[LUA-print] - "<var>" = "/Users/cheng/Library/Caches/UserDefault.xml"
[LUA-print] dump from: [string "/Users/cheng/Documents/CocosProjects/demo/src..."]:43: in function 'getTime'
[LUA-print] - "<var>" = "/Users/cheng/Library/Caches/UserDefault.xml"
[LUA-print] dump from: [string "/Users/cheng/Documents/CocosProjects/demo/src..."]:7: in function 'ctor'
[LUA-print] - "<var>" = {
[LUA-print] -     "level" = 2
[LUA-print] - }
CCSize will be not binded in lua,please use the lua's table instead
error:
     cc.Node:setAnchorPoint argument #2 is 'nil'; 'table' expected.

error:
     cc.Node:setAnchorPoint argument #2 is 'nil'; 'table' expected.

[LUA-print] dump from: [string "/Users/cheng/Documents/CocosProjects/demo/src..."]:43: in function 'getTimeLevel'
[LUA-print] - "<var>" = "/Users/cheng/Library/Caches/UserDefault.xml"
[LUA-print] dump from: [string "/Users/cheng/Documents/CocosProjects/demo/src..."]:49: in function 'init'
[LUA-print] - "<var>" = 3
[LUA-print] dump from: [string "/Users/cheng/Documents/CocosProjects/demo/src..."]:43: in function 'getValeForKey'
[LUA-print] - "<var>" = "/Users/cheng/Library/Caches/UserDefault.xml"
[LUA-print] dump from: [string "/Users/cheng/Documents/CocosProjects/demo/src..."]:26: in function 'setContentView'
[LUA-print] - "<var>" = {
[LUA-print] -     "height" = 480
[LUA-print] -     "width"  = 600
[LUA-print] - }
[LUA-print] dump from: [string "/Users/cheng/Documents/CocosProjects/demo/src..."]:43: in function 'getTimeLevel'
[LUA-print] - "<var>" = "/Users/cheng/Library/Caches/UserDefault.xml"
[LUA-print] dump from: [string "/Users/cheng/Documents/CocosProjects/demo/src..."]:43: in function 'getTime'
[LUA-print] - "<var>" = "/Users/cheng/Library/Caches/UserDefault.xml"
[LUA-print] dump from: [string "/Users/cheng/Documents/CocosProjects/demo/src..."]:43: in function 'getTime'
[LUA-print] - "<var>" = "/Users/cheng/Library/Caches/UserDefault.xml"
[LUA-print] dump from: [string "/Users/cheng/Documents/CocosProjects/demo/src..."]:43: in function 'getTime'
[LUA-print] - "<var>" = "/Users/cheng/Library/Caches/UserDefault.xml"
[LUA-print] dump from: [string "/Users/cheng/Documents/CocosProjects/demo/src..."]:43: in function 'onExit'
[LUA-print] - "<var>" = "TimerGameScene:onExit"
[LUA-print] ----------------------------------------
[LUA-print] LUA ERROR: [string "/Users/cheng/Documents/CocosProjects/demo/src..."]:114: invalid 'cobj' in function 'lua_cocos2dx_Node_removeFromParentAndCleanup'

[LUA-print] 
stack traceback:
	[C]: in function 'removeFromParent'
	[string "/Users/cheng/Documents/CocosProjects/demo/src..."]:114: in function 'removeSelf'
	[string "/Users/cheng/Documents/CocosProjects/demo/src..."]:137: in function 'deleteTimer'
	[string "/Users/cheng/Documents/CocosProjects/demo/src..."]:44: in function 'onExit'
	[string "/Users/cheng/Documents/CocosProjects/demo/src..."]:145: in function 'listener_'
	[string "/Users/cheng/Documents/CocosProjects/demo/src..."]:428: in function 'EventDispatcher'
	[string "/Users/cheng/Documents/CocosProjects/demo/src..."]:271: in function <[string "/Users/cheng/Documents/CocosProjects/demo/src..."]:270>
[LUA-print] ----------------------------------------
[LUA-print] 进入LevelScene------------
[LUA-print] dump from: [string "/Users/cheng/Documents/CocosProjects/demo/src..."]:12: in function 'runWithScene'
[LUA-print] - "nowScene" = "MainScene"
[LUA-print] dump from: [string "/Users/cheng/Documents/CocosProjects/demo/src..."]:43: in function 'getTimeLevel'
[LUA-print] - "<var>" = "/Users/cheng/Library/Caches/UserDefault.xml"
[LUA-print] dump from: [string "/Users/cheng/Documents/CocosProjects/demo/src..."]:43: in function 'getTime'
[LUA-print] - "<var>" = "/Users/cheng/Library/Caches/UserDefault.xml"
[LUA-print] dump from: [string "/Users/cheng/Documents/CocosProjects/demo/src..."]:43: in function 'getTime'
[LUA-print] - "<var>" = "/Users/cheng/Library/Caches/UserDefault.xml"
[LUA-print] dump from: [string "/Users/cheng/Documents/CocosProjects/demo/src..."]:43: in function 'getTime'
[LUA-print] - "<var>" = "/Users/cheng/Library/Caches/UserDefault.xml"
[LUA-print] TimeGameScene
[LUA-print] dump from: [string "/Users/cheng/Documents/CocosProjects/demo/src..."]:12: in function 'runWithScene'
[LUA-print] - "nowScene" = "TimeLevelScene"
[LUA-print] dump from: [string "/Users/cheng/Documents/CocosProjects/demo/src..."]:49: in function 'init'
[LUA-print] - "<var>" = 3
[LUA-print] dump from: [string "/Users/cheng/Documents/CocosProjects/demo/src..."]:43: in function 'getValeForKey'
[LUA-print] - "<var>" = "/Users/cheng/Library/Caches/UserDefault.xml"
[LUA-print] dump from: [string "/Users/cheng/Documents/CocosProjects/demo/src..."]:43: in function 'getTimeLevel'
[LUA-print] - "<var>" = "/Users/cheng/Library/Caches/UserDefault.xml"
[LUA-print] dump from: [string "/Users/cheng/Documents/CocosProjects/demo/src..."]:43: in function 'getTime'
[LUA-print] - "<var>" = "/Users/cheng/Library/Caches/UserDefault.xml"
[LUA-print] dump from: [string "/Users/cheng/Documents/CocosProjects/demo/src..."]:43: in function 'getTime'
[LUA-print] - "<var>" = "/Users/cheng/Library/Caches/UserDefault.xml"
[LUA-print] dump from: [string "/Users/cheng/Documents/CocosProjects/demo/src..."]:43: in function 'getTime'
[LUA-print] - "<var>" = "/Users/cheng/Library/Caches/UserDefault.xml"
[LUA-print] dump from: [string "/Users/cheng/Documents/CocosProjects/demo/src..."]:43: in function 'onExit'
[LUA-print] - "<var>" = "TimerGameScene:onExit"
